<?xml version="1.0" encoding="UTF-8"?>
<!-- Generated by org.testng.reporters.JUnitReportReporter -->
<testsuite skipped="0" hostname="ip-192-168-1-100.eu-central-1.compute.internal" name="com.qa.apitests.DeletePostTest" tests="1" failures="0" timestamp="12 Jul 2019 02:30:55 GMT" time="0.490" errors="0">
  <testcase name="deletePostTest" time="0.490" classname="com.qa.apitests.DeletePostTest"/>
</testsuite> <!-- com.qa.apitests.DeletePostTest -->
