<?xml version="1.0" encoding="UTF-8"?>
<!-- Generated by org.testng.reporters.JUnitReportReporter -->
<testsuite skipped="0" hostname="ip-192-168-1-100.eu-central-1.compute.internal" name="com.qa.apitests.GetSinglePostTest" tests="1" failures="0" timestamp="12 Jul 2019 02:30:55 GMT" time="2.114" errors="0">
  <testcase name="getSinglePostTest" time="2.114" classname="com.qa.apitests.GetSinglePostTest"/>
</testsuite> <!-- com.qa.apitests.GetSinglePostTest -->
