<?xml version="1.0" encoding="UTF-8"?>
<!-- Generated by org.testng.reporters.JUnitReportReporter -->
<testsuite skipped="0" hostname="ip-192-168-1-125.eu-central-1.compute.internal" name="com.qa.apitests.GetPostsTest" tests="1" failures="0" timestamp="11 Jul 2019 09:11:26 GMT" time="0.385" errors="0">
  <testcase name="getPostsTest" time="0.385" classname="com.qa.apitests.GetPostsTest"/>
</testsuite> <!-- com.qa.apitests.GetPostsTest -->
