<?xml version="1.0" encoding="UTF-8"?>
<!-- Generated by org.testng.reporters.JUnitReportReporter -->
<testsuite skipped="0" hostname="BLR1-LHP-N68525" name="com.qa.webtests.LaunchURLTest" tests="1" failures="0" timestamp="2020-11-08T21:15:43 IST" time="4.239" errors="0">
  <testcase name="callJoinTest" time="4.239" classname="com.qa.webtests.LaunchURLTest"/>
  <system-out/>
</testsuite> <!-- com.qa.webtests.LaunchURLTest -->
